2021-12-17 12:40:26,074: Local Data Statistics:
2021-12-17 12:40:26,075: Dataset Size: 17173.00
2021-12-17 12:40:26,077: {6: 3210, 1: 4650, 0: 889, 8: 4958, 5: 742, 7: 130, 3: 1223, 4: 1294, 2: 77}
2021-12-17 12:40:26,080: Loaded Global Model Weights
2021-12-17 12:41:18,579: Finished Training
2021-12-17 12:41:18,580: Calculated Pseudo Gradient
2021-12-17 12:41:18,583: Send Client Local Pseudo-Gradient
2021-12-17 12:41:18,585: Send Client Number of Training Instances
2021-12-17 12:41:18,609: Loaded Global Model Weights
2021-12-17 12:41:18,939: Client 2 Evaluating Data: 0.745
2021-12-17 12:41:25,801: Finished Training
2021-12-17 12:41:25,801: Calculated Pseudo Gradient
2021-12-17 12:41:25,803: Send Client Local Pseudo-Gradient
2021-12-17 12:41:25,805: Send Client Number of Training Instances
2021-12-17 12:41:25,817: Loaded Global Model Weights
2021-12-17 12:41:26,139: Client 2 Evaluating Data: 0.913
2021-12-17 12:41:33,230: Finished Training
2021-12-17 12:41:33,231: Calculated Pseudo Gradient
2021-12-17 12:41:33,232: Send Client Local Pseudo-Gradient
2021-12-17 12:41:33,234: Send Client Number of Training Instances
2021-12-17 12:41:33,248: Loaded Global Model Weights
2021-12-17 12:41:33,575: Client 2 Evaluating Data: 0.935
2021-12-17 12:41:39,627: Finished Training
2021-12-17 12:41:39,628: Calculated Pseudo Gradient
2021-12-17 12:41:39,630: Send Client Local Pseudo-Gradient
2021-12-17 12:41:39,631: Send Client Number of Training Instances
2021-12-17 12:41:39,639: Loaded Global Model Weights
2021-12-17 12:41:39,907: Client 2 Evaluating Data: 0.946
2021-12-17 12:41:46,221: Finished Training
2021-12-17 12:41:46,222: Calculated Pseudo Gradient
2021-12-17 12:41:46,223: Send Client Local Pseudo-Gradient
2021-12-17 12:41:46,224: Send Client Number of Training Instances
2021-12-17 12:41:46,236: Loaded Global Model Weights
2021-12-17 12:41:46,522: Client 2 Evaluating Data: 0.945
2021-12-17 12:41:52,964: Finished Training
2021-12-17 12:41:52,965: Calculated Pseudo Gradient
2021-12-17 12:41:52,966: Send Client Local Pseudo-Gradient
2021-12-17 12:41:52,967: Send Client Number of Training Instances
2021-12-17 12:41:52,976: Loaded Global Model Weights
2021-12-17 12:41:53,265: Client 2 Evaluating Data: 0.935
2021-12-17 12:41:59,486: Finished Training
2021-12-17 12:41:59,486: Calculated Pseudo Gradient
2021-12-17 12:41:59,488: Send Client Local Pseudo-Gradient
2021-12-17 12:41:59,489: Send Client Number of Training Instances
2021-12-17 12:41:59,498: Loaded Global Model Weights
2021-12-17 12:41:59,779: Client 2 Evaluating Data: 0.921
2021-12-17 12:42:05,843: Finished Training
2021-12-17 12:42:05,844: Calculated Pseudo Gradient
2021-12-17 12:42:05,846: Send Client Local Pseudo-Gradient
2021-12-17 12:42:05,847: Send Client Number of Training Instances
2021-12-17 12:42:05,857: Loaded Global Model Weights
2021-12-17 12:42:06,126: Client 2 Evaluating Data: 0.928
2021-12-17 12:42:12,266: Finished Training
2021-12-17 12:42:12,267: Calculated Pseudo Gradient
2021-12-17 12:42:12,269: Send Client Local Pseudo-Gradient
2021-12-17 12:42:12,270: Send Client Number of Training Instances
2021-12-17 12:42:12,281: Loaded Global Model Weights
2021-12-17 12:42:12,559: Client 2 Evaluating Data: 0.945
2021-12-17 12:42:19,278: Finished Training
2021-12-17 12:42:19,279: Calculated Pseudo Gradient
2021-12-17 12:42:19,281: Send Client Local Pseudo-Gradient
2021-12-17 12:42:19,282: Send Client Number of Training Instances
2021-12-17 12:42:19,291: Loaded Global Model Weights
2021-12-17 12:42:19,550: Client 2 Evaluating Data: 0.956
2021-12-17 12:42:25,752: Finished Training
2021-12-17 12:42:25,753: Calculated Pseudo Gradient
2021-12-17 12:42:25,755: Send Client Local Pseudo-Gradient
2021-12-17 12:42:25,756: Send Client Number of Training Instances
2021-12-17 12:42:25,765: Loaded Global Model Weights
2021-12-17 12:42:26,062: Client 2 Evaluating Data: 0.959
2021-12-17 12:42:32,330: Finished Training
2021-12-17 12:42:32,331: Calculated Pseudo Gradient
2021-12-17 12:42:32,333: Send Client Local Pseudo-Gradient
2021-12-17 12:42:32,334: Send Client Number of Training Instances
2021-12-17 12:42:32,347: Loaded Global Model Weights
2021-12-17 12:42:32,646: Client 2 Evaluating Data: 0.961
2021-12-17 12:42:38,911: Finished Training
2021-12-17 12:42:38,911: Calculated Pseudo Gradient
2021-12-17 12:42:38,913: Send Client Local Pseudo-Gradient
2021-12-17 12:42:38,914: Send Client Number of Training Instances
2021-12-17 12:42:38,922: Loaded Global Model Weights
2021-12-17 12:42:39,188: Client 2 Evaluating Data: 0.96
2021-12-17 12:42:45,467: Finished Training
2021-12-17 12:42:45,468: Calculated Pseudo Gradient
2021-12-17 12:42:45,470: Send Client Local Pseudo-Gradient
2021-12-17 12:42:45,471: Send Client Number of Training Instances
2021-12-17 12:42:45,481: Loaded Global Model Weights
2021-12-17 12:42:45,741: Client 2 Evaluating Data: 0.959
2021-12-17 12:42:51,971: Finished Training
2021-12-17 12:42:51,972: Calculated Pseudo Gradient
2021-12-17 12:42:51,973: Send Client Local Pseudo-Gradient
2021-12-17 12:42:51,974: Send Client Number of Training Instances
2021-12-17 12:42:51,982: Loaded Global Model Weights
2021-12-17 12:42:52,248: Client 2 Evaluating Data: 0.956
2021-12-17 12:42:58,659: Finished Training
2021-12-17 12:42:58,660: Calculated Pseudo Gradient
2021-12-17 12:42:58,662: Send Client Local Pseudo-Gradient
2021-12-17 12:42:58,663: Send Client Number of Training Instances
2021-12-17 12:42:58,676: Loaded Global Model Weights
2021-12-17 12:42:58,951: Client 2 Evaluating Data: 0.956
2021-12-17 12:43:05,849: Finished Training
2021-12-17 12:43:05,850: Calculated Pseudo Gradient
2021-12-17 12:43:05,852: Send Client Local Pseudo-Gradient
2021-12-17 12:43:05,853: Send Client Number of Training Instances
2021-12-17 12:43:05,866: Loaded Global Model Weights
2021-12-17 12:43:06,173: Client 2 Evaluating Data: 0.957
2021-12-17 12:43:13,064: Finished Training
2021-12-17 12:43:13,065: Calculated Pseudo Gradient
2021-12-17 12:43:13,067: Send Client Local Pseudo-Gradient
2021-12-17 12:43:13,067: Send Client Number of Training Instances
2021-12-17 12:43:13,075: Loaded Global Model Weights
2021-12-17 12:43:13,400: Client 2 Evaluating Data: 0.96
2021-12-17 12:43:20,526: Finished Training
2021-12-17 12:43:20,527: Calculated Pseudo Gradient
2021-12-17 12:43:20,529: Send Client Local Pseudo-Gradient
2021-12-17 12:43:20,530: Send Client Number of Training Instances
2021-12-17 12:43:20,541: Loaded Global Model Weights
2021-12-17 12:43:20,835: Client 2 Evaluating Data: 0.963
2021-12-17 12:43:27,862: Finished Training
2021-12-17 12:43:27,863: Calculated Pseudo Gradient
2021-12-17 12:43:27,864: Send Client Local Pseudo-Gradient
2021-12-17 12:43:27,865: Send Client Number of Training Instances
2021-12-17 12:43:27,872: Loaded Global Model Weights
2021-12-17 12:43:28,151: Client 2 Evaluating Data: 0.966
2021-12-17 12:43:34,767: Finished Training
2021-12-17 12:43:34,767: Calculated Pseudo Gradient
2021-12-17 12:43:34,769: Send Client Local Pseudo-Gradient
2021-12-17 12:43:34,770: Send Client Number of Training Instances
2021-12-17 12:43:34,779: Loaded Global Model Weights
2021-12-17 12:43:35,109: Client 2 Evaluating Data: 0.965
2021-12-17 12:43:41,835: Finished Training
2021-12-17 12:43:41,836: Calculated Pseudo Gradient
2021-12-17 12:43:41,838: Send Client Local Pseudo-Gradient
2021-12-17 12:43:41,839: Send Client Number of Training Instances
2021-12-17 12:43:41,849: Loaded Global Model Weights
2021-12-17 12:43:42,121: Client 2 Evaluating Data: 0.963
2021-12-17 12:43:48,368: Finished Training
2021-12-17 12:43:48,369: Calculated Pseudo Gradient
2021-12-17 12:43:48,371: Send Client Local Pseudo-Gradient
2021-12-17 12:43:48,373: Send Client Number of Training Instances
2021-12-17 12:43:48,382: Loaded Global Model Weights
2021-12-17 12:43:48,649: Client 2 Evaluating Data: 0.963
2021-12-17 12:43:54,884: Finished Training
2021-12-17 12:43:54,885: Calculated Pseudo Gradient
2021-12-17 12:43:54,886: Send Client Local Pseudo-Gradient
2021-12-17 12:43:54,887: Send Client Number of Training Instances
2021-12-17 12:43:54,897: Loaded Global Model Weights
2021-12-17 12:43:55,183: Client 2 Evaluating Data: 0.962
2021-12-17 12:44:02,075: Finished Training
2021-12-17 12:44:02,075: Calculated Pseudo Gradient
2021-12-17 12:44:02,077: Send Client Local Pseudo-Gradient
2021-12-17 12:44:02,078: Send Client Number of Training Instances
2021-12-17 12:44:02,087: Loaded Global Model Weights
2021-12-17 12:44:02,374: Client 2 Evaluating Data: 0.963
