2021-12-17 12:40:25,967: Local Data Statistics:
2021-12-17 12:40:25,968: Dataset Size: 10300.00
2021-12-17 12:40:25,969: {9: 4057, 0: 2979, 1: 831, 2: 1576, 8: 213, 4: 392, 5: 14, 3: 128, 7: 97, 6: 13}
2021-12-17 12:40:26,212: Loaded Global Model Weights
2021-12-17 12:41:09,320: Finished Training
2021-12-17 12:41:09,332: Calculated Pseudo Gradient
2021-12-17 12:41:18,583: Send Client Local Pseudo-Gradient
2021-12-17 12:41:18,584: Send Client Number of Training Instances
2021-12-17 12:41:18,601: Loaded Global Model Weights
2021-12-17 12:41:18,832: Client 4 Evaluating Data: 0.632
2021-12-17 12:41:23,247: Finished Training
2021-12-17 12:41:23,249: Calculated Pseudo Gradient
2021-12-17 12:41:25,804: Send Client Local Pseudo-Gradient
2021-12-17 12:41:25,805: Send Client Number of Training Instances
2021-12-17 12:41:25,816: Loaded Global Model Weights
2021-12-17 12:41:26,026: Client 4 Evaluating Data: 0.866
2021-12-17 12:41:30,990: Finished Training
2021-12-17 12:41:30,991: Calculated Pseudo Gradient
2021-12-17 12:41:33,233: Send Client Local Pseudo-Gradient
2021-12-17 12:41:33,234: Send Client Number of Training Instances
2021-12-17 12:41:33,249: Loaded Global Model Weights
2021-12-17 12:41:33,457: Client 4 Evaluating Data: 0.915
2021-12-17 12:41:37,726: Finished Training
2021-12-17 12:41:37,727: Calculated Pseudo Gradient
2021-12-17 12:41:39,630: Send Client Local Pseudo-Gradient
2021-12-17 12:41:39,631: Send Client Number of Training Instances
2021-12-17 12:41:39,640: Loaded Global Model Weights
2021-12-17 12:41:39,816: Client 4 Evaluating Data: 0.919
2021-12-17 12:41:44,094: Finished Training
2021-12-17 12:41:44,095: Calculated Pseudo Gradient
2021-12-17 12:41:46,224: Send Client Local Pseudo-Gradient
2021-12-17 12:41:46,225: Send Client Number of Training Instances
2021-12-17 12:41:46,236: Loaded Global Model Weights
2021-12-17 12:41:46,404: Client 4 Evaluating Data: 0.933
2021-12-17 12:41:50,858: Finished Training
2021-12-17 12:41:50,859: Calculated Pseudo Gradient
2021-12-17 12:41:52,967: Send Client Local Pseudo-Gradient
2021-12-17 12:41:52,968: Send Client Number of Training Instances
2021-12-17 12:41:52,976: Loaded Global Model Weights
2021-12-17 12:41:53,169: Client 4 Evaluating Data: 0.953
2021-12-17 12:41:57,463: Finished Training
2021-12-17 12:41:57,465: Calculated Pseudo Gradient
2021-12-17 12:41:59,488: Send Client Local Pseudo-Gradient
2021-12-17 12:41:59,489: Send Client Number of Training Instances
2021-12-17 12:41:59,499: Loaded Global Model Weights
2021-12-17 12:41:59,666: Client 4 Evaluating Data: 0.956
2021-12-17 12:42:03,850: Finished Training
2021-12-17 12:42:03,852: Calculated Pseudo Gradient
2021-12-17 12:42:05,846: Send Client Local Pseudo-Gradient
2021-12-17 12:42:05,847: Send Client Number of Training Instances
2021-12-17 12:42:05,859: Loaded Global Model Weights
2021-12-17 12:42:06,030: Client 4 Evaluating Data: 0.955
2021-12-17 12:42:10,096: Finished Training
2021-12-17 12:42:10,097: Calculated Pseudo Gradient
2021-12-17 12:42:12,269: Send Client Local Pseudo-Gradient
2021-12-17 12:42:12,270: Send Client Number of Training Instances
2021-12-17 12:42:12,281: Loaded Global Model Weights
2021-12-17 12:42:12,503: Client 4 Evaluating Data: 0.955
2021-12-17 12:42:17,239: Finished Training
2021-12-17 12:42:17,240: Calculated Pseudo Gradient
2021-12-17 12:42:19,281: Send Client Local Pseudo-Gradient
2021-12-17 12:42:19,282: Send Client Number of Training Instances
2021-12-17 12:42:19,291: Loaded Global Model Weights
2021-12-17 12:42:19,458: Client 4 Evaluating Data: 0.957
2021-12-17 12:42:23,632: Finished Training
2021-12-17 12:42:23,634: Calculated Pseudo Gradient
2021-12-17 12:42:25,755: Send Client Local Pseudo-Gradient
2021-12-17 12:42:25,757: Send Client Number of Training Instances
2021-12-17 12:42:25,765: Loaded Global Model Weights
2021-12-17 12:42:25,976: Client 4 Evaluating Data: 0.961
2021-12-17 12:42:30,311: Finished Training
2021-12-17 12:42:30,312: Calculated Pseudo Gradient
2021-12-17 12:42:32,333: Send Client Local Pseudo-Gradient
2021-12-17 12:42:32,334: Send Client Number of Training Instances
2021-12-17 12:42:32,347: Loaded Global Model Weights
2021-12-17 12:42:32,532: Client 4 Evaluating Data: 0.96
2021-12-17 12:42:36,715: Finished Training
2021-12-17 12:42:36,716: Calculated Pseudo Gradient
2021-12-17 12:42:38,913: Send Client Local Pseudo-Gradient
2021-12-17 12:42:38,915: Send Client Number of Training Instances
2021-12-17 12:42:38,923: Loaded Global Model Weights
2021-12-17 12:42:39,086: Client 4 Evaluating Data: 0.966
2021-12-17 12:42:43,307: Finished Training
2021-12-17 12:42:43,308: Calculated Pseudo Gradient
2021-12-17 12:42:45,470: Send Client Local Pseudo-Gradient
2021-12-17 12:42:45,471: Send Client Number of Training Instances
2021-12-17 12:42:45,481: Loaded Global Model Weights
2021-12-17 12:42:45,647: Client 4 Evaluating Data: 0.967
2021-12-17 12:42:49,851: Finished Training
2021-12-17 12:42:49,852: Calculated Pseudo Gradient
2021-12-17 12:42:51,974: Send Client Local Pseudo-Gradient
2021-12-17 12:42:51,975: Send Client Number of Training Instances
2021-12-17 12:42:51,982: Loaded Global Model Weights
2021-12-17 12:42:52,161: Client 4 Evaluating Data: 0.967
2021-12-17 12:42:56,354: Finished Training
2021-12-17 12:42:56,356: Calculated Pseudo Gradient
2021-12-17 12:42:58,662: Send Client Local Pseudo-Gradient
2021-12-17 12:42:58,663: Send Client Number of Training Instances
2021-12-17 12:42:58,676: Loaded Global Model Weights
2021-12-17 12:42:58,851: Client 4 Evaluating Data: 0.965
2021-12-17 12:43:03,286: Finished Training
2021-12-17 12:43:03,287: Calculated Pseudo Gradient
2021-12-17 12:43:05,852: Send Client Local Pseudo-Gradient
2021-12-17 12:43:05,853: Send Client Number of Training Instances
2021-12-17 12:43:05,866: Loaded Global Model Weights
2021-12-17 12:43:06,047: Client 4 Evaluating Data: 0.967
2021-12-17 12:43:10,685: Finished Training
2021-12-17 12:43:10,687: Calculated Pseudo Gradient
2021-12-17 12:43:13,067: Send Client Local Pseudo-Gradient
2021-12-17 12:43:13,068: Send Client Number of Training Instances
2021-12-17 12:43:13,076: Loaded Global Model Weights
2021-12-17 12:43:13,297: Client 4 Evaluating Data: 0.969
2021-12-17 12:43:18,127: Finished Training
2021-12-17 12:43:18,128: Calculated Pseudo Gradient
2021-12-17 12:43:20,529: Send Client Local Pseudo-Gradient
2021-12-17 12:43:20,530: Send Client Number of Training Instances
2021-12-17 12:43:20,541: Loaded Global Model Weights
2021-12-17 12:43:20,733: Client 4 Evaluating Data: 0.972
2021-12-17 12:43:25,561: Finished Training
2021-12-17 12:43:25,562: Calculated Pseudo Gradient
2021-12-17 12:43:27,864: Send Client Local Pseudo-Gradient
2021-12-17 12:43:27,865: Send Client Number of Training Instances
2021-12-17 12:43:27,873: Loaded Global Model Weights
2021-12-17 12:43:28,040: Client 4 Evaluating Data: 0.97
2021-12-17 12:43:32,668: Finished Training
2021-12-17 12:43:32,669: Calculated Pseudo Gradient
2021-12-17 12:43:34,769: Send Client Local Pseudo-Gradient
2021-12-17 12:43:34,770: Send Client Number of Training Instances
2021-12-17 12:43:34,779: Loaded Global Model Weights
2021-12-17 12:43:34,980: Client 4 Evaluating Data: 0.97
2021-12-17 12:43:39,683: Finished Training
2021-12-17 12:43:39,685: Calculated Pseudo Gradient
2021-12-17 12:43:41,838: Send Client Local Pseudo-Gradient
2021-12-17 12:43:41,839: Send Client Number of Training Instances
2021-12-17 12:43:41,849: Loaded Global Model Weights
2021-12-17 12:43:42,027: Client 4 Evaluating Data: 0.97
2021-12-17 12:43:46,336: Finished Training
2021-12-17 12:43:46,337: Calculated Pseudo Gradient
2021-12-17 12:43:48,372: Send Client Local Pseudo-Gradient
2021-12-17 12:43:48,373: Send Client Number of Training Instances
2021-12-17 12:43:48,383: Loaded Global Model Weights
2021-12-17 12:43:48,544: Client 4 Evaluating Data: 0.972
2021-12-17 12:43:52,782: Finished Training
2021-12-17 12:43:52,783: Calculated Pseudo Gradient
2021-12-17 12:43:54,886: Send Client Local Pseudo-Gradient
2021-12-17 12:43:54,887: Send Client Number of Training Instances
2021-12-17 12:43:54,897: Loaded Global Model Weights
2021-12-17 12:43:55,057: Client 4 Evaluating Data: 0.971
2021-12-17 12:43:59,322: Finished Training
2021-12-17 12:43:59,324: Calculated Pseudo Gradient
2021-12-17 12:44:02,077: Send Client Local Pseudo-Gradient
2021-12-17 12:44:02,078: Send Client Number of Training Instances
2021-12-17 12:44:02,087: Loaded Global Model Weights
2021-12-17 12:44:02,267: Client 4 Evaluating Data: 0.97
