Initialize 4 Clients
Initialize Server
Send Global Weights to 4 Clients
Initializing Trainig
Get Clients Pseudo Gradients
Get Clients Sample Numbers
Send Global Weights to 4 Clients
Initializing Evaluation
Accuracy over all data: 0.593
Initializing Trainig
Get Clients Pseudo Gradients
Get Clients Sample Numbers
Send Global Weights to 4 Clients
Initializing Evaluation
Accuracy over all data: 0.788
Initializing Trainig
Get Clients Pseudo Gradients
Get Clients Sample Numbers
Send Global Weights to 4 Clients
Initializing Evaluation
Accuracy over all data: 0.849
Initializing Trainig
Get Clients Pseudo Gradients
Get Clients Sample Numbers
Send Global Weights to 4 Clients
Initializing Evaluation
Accuracy over all data: 0.837
Initializing Trainig
Get Clients Pseudo Gradients
Get Clients Sample Numbers
Send Global Weights to 4 Clients
Initializing Evaluation
Accuracy over all data: 0.843
Initializing Trainig
Get Clients Pseudo Gradients
Get Clients Sample Numbers
Send Global Weights to 4 Clients
Initializing Evaluation
Accuracy over all data: 0.874
Initializing Trainig
Get Clients Pseudo Gradients
Get Clients Sample Numbers
Send Global Weights to 4 Clients
Initializing Evaluation
Accuracy over all data: 0.893
Initializing Trainig
Get Clients Pseudo Gradients
Get Clients Sample Numbers
Send Global Weights to 4 Clients
Initializing Evaluation
Accuracy over all data: 0.909
Initializing Trainig
Get Clients Pseudo Gradients
Get Clients Sample Numbers
Send Global Weights to 4 Clients
Initializing Evaluation
Accuracy over all data: 0.918
Initializing Trainig
Get Clients Pseudo Gradients
Get Clients Sample Numbers
Send Global Weights to 4 Clients
Initializing Evaluation
Accuracy over all data: 0.920
Initializing Trainig
Get Clients Pseudo Gradients
Get Clients Sample Numbers
Send Global Weights to 4 Clients
Initializing Evaluation
Accuracy over all data: 0.918
Initializing Trainig
Get Clients Pseudo Gradients
Get Clients Sample Numbers
Send Global Weights to 4 Clients
Initializing Evaluation
Accuracy over all data: 0.918
Initializing Trainig
Get Clients Pseudo Gradients
Get Clients Sample Numbers
Send Global Weights to 4 Clients
Initializing Evaluation
Accuracy over all data: 0.921
Initializing Trainig
Get Clients Pseudo Gradients
Get Clients Sample Numbers
Send Global Weights to 4 Clients
Initializing Evaluation
Accuracy over all data: 0.924
Initializing Trainig
Get Clients Pseudo Gradients
Get Clients Sample Numbers
Send Global Weights to 4 Clients
Initializing Evaluation
Accuracy over all data: 0.929
Initializing Trainig
Get Clients Pseudo Gradients
Get Clients Sample Numbers
Send Global Weights to 4 Clients
Initializing Evaluation
Accuracy over all data: 0.933
Initializing Trainig
Get Clients Pseudo Gradients
Get Clients Sample Numbers
Send Global Weights to 4 Clients
Initializing Evaluation
Accuracy over all data: 0.936
Initializing Trainig
Get Clients Pseudo Gradients
Get Clients Sample Numbers
Send Global Weights to 4 Clients
Initializing Evaluation
Accuracy over all data: 0.938
Initializing Trainig
Get Clients Pseudo Gradients
Get Clients Sample Numbers
Send Global Weights to 4 Clients
Initializing Evaluation
Accuracy over all data: 0.939
Initializing Trainig
Get Clients Pseudo Gradients
Get Clients Sample Numbers
Send Global Weights to 4 Clients
Initializing Evaluation
Accuracy over all data: 0.938
Initializing Trainig
Get Clients Pseudo Gradients
Get Clients Sample Numbers
Send Global Weights to 4 Clients
Initializing Evaluation
Accuracy over all data: 0.940
Initializing Trainig
Get Clients Pseudo Gradients
Get Clients Sample Numbers
Send Global Weights to 4 Clients
Initializing Evaluation
Accuracy over all data: 0.941
Initializing Trainig
Get Clients Pseudo Gradients
Get Clients Sample Numbers
Send Global Weights to 4 Clients
Initializing Evaluation
Accuracy over all data: 0.940
Initializing Trainig
Get Clients Pseudo Gradients
Get Clients Sample Numbers
Send Global Weights to 4 Clients
Initializing Evaluation
Accuracy over all data: 0.939
Initializing Trainig
Get Clients Pseudo Gradients
Get Clients Sample Numbers
Send Global Weights to 4 Clients
Initializing Evaluation
Accuracy over all data: 0.938
Initializing Trainig
Get Clients Pseudo Gradients
Get Clients Sample Numbers
Send Global Weights to 4 Clients
Initializing Evaluation
Accuracy over all data: 0.941
Initializing Trainig
Get Clients Pseudo Gradients
Get Clients Sample Numbers
Send Global Weights to 4 Clients
Initializing Evaluation
Accuracy over all data: 0.944
Initializing Trainig
Get Clients Pseudo Gradients
Get Clients Sample Numbers
Send Global Weights to 4 Clients
Initializing Evaluation
Accuracy over all data: 0.944
Initializing Trainig
Get Clients Pseudo Gradients
Get Clients Sample Numbers
Send Global Weights to 4 Clients
Initializing Evaluation
Accuracy over all data: 0.943
Initializing Trainig
Get Clients Pseudo Gradients
Get Clients Sample Numbers
Send Global Weights to 4 Clients
Initializing Evaluation
Accuracy over all data: 0.940
Initializing Trainig
Get Clients Pseudo Gradients
Get Clients Sample Numbers
Send Global Weights to 4 Clients
Initializing Evaluation
Accuracy over all data: 0.936
Initializing Trainig
Get Clients Pseudo Gradients
Get Clients Sample Numbers
Send Global Weights to 4 Clients
Initializing Evaluation
Accuracy over all data: 0.937
Initializing Trainig
Get Clients Pseudo Gradients
Get Clients Sample Numbers
Send Global Weights to 4 Clients
Initializing Evaluation
Accuracy over all data: 0.941
Initializing Trainig
Get Clients Pseudo Gradients
Get Clients Sample Numbers
Send Global Weights to 4 Clients
Initializing Evaluation
Accuracy over all data: 0.947
Initializing Trainig
Get Clients Pseudo Gradients
Get Clients Sample Numbers
Send Global Weights to 4 Clients
Initializing Evaluation
Accuracy over all data: 0.949
Initializing Trainig
Get Clients Pseudo Gradients
Get Clients Sample Numbers
Send Global Weights to 4 Clients
Initializing Evaluation
Accuracy over all data: 0.952
Initializing Trainig
Get Clients Pseudo Gradients
Get Clients Sample Numbers
Send Global Weights to 4 Clients
Initializing Evaluation
Accuracy over all data: 0.952
Initializing Trainig
Get Clients Pseudo Gradients
Get Clients Sample Numbers
Send Global Weights to 4 Clients
Initializing Evaluation
Accuracy over all data: 0.947
Initializing Trainig
Get Clients Pseudo Gradients
Get Clients Sample Numbers
Send Global Weights to 4 Clients
Initializing Evaluation
Accuracy over all data: 0.942
Initializing Trainig
Get Clients Pseudo Gradients
Get Clients Sample Numbers
Send Global Weights to 4 Clients
Initializing Evaluation
Accuracy over all data: 0.942
Initializing Trainig
Get Clients Pseudo Gradients
Get Clients Sample Numbers
Send Global Weights to 4 Clients
Initializing Evaluation
Accuracy over all data: 0.947
Initializing Trainig
Get Clients Pseudo Gradients
Get Clients Sample Numbers
Send Global Weights to 4 Clients
Initializing Evaluation
Accuracy over all data: 0.951
Initializing Trainig
Get Clients Pseudo Gradients
Get Clients Sample Numbers
Send Global Weights to 4 Clients
Initializing Evaluation
Accuracy over all data: 0.952
Initializing Trainig
Get Clients Pseudo Gradients
Get Clients Sample Numbers
Send Global Weights to 4 Clients
Initializing Evaluation
Accuracy over all data: 0.955
Initializing Trainig
Get Clients Pseudo Gradients
Get Clients Sample Numbers
Send Global Weights to 4 Clients
Initializing Evaluation
Accuracy over all data: 0.956
Initializing Trainig
Get Clients Pseudo Gradients
Get Clients Sample Numbers
Send Global Weights to 4 Clients
Initializing Evaluation
Accuracy over all data: 0.954
Initializing Trainig
Get Clients Pseudo Gradients
Get Clients Sample Numbers
Send Global Weights to 4 Clients
Initializing Evaluation
Accuracy over all data: 0.952
Initializing Trainig
Get Clients Pseudo Gradients
Get Clients Sample Numbers
Send Global Weights to 4 Clients
Initializing Evaluation
Accuracy over all data: 0.949
Initializing Trainig
Get Clients Pseudo Gradients
Get Clients Sample Numbers
Send Global Weights to 4 Clients
Initializing Evaluation
Accuracy over all data: 0.944
Initializing Trainig
Get Clients Pseudo Gradients
Get Clients Sample Numbers
Send Global Weights to 4 Clients
Initializing Evaluation
Accuracy over all data: 0.942
Initializing Trainig
Get Clients Pseudo Gradients
Get Clients Sample Numbers
Send Global Weights to 4 Clients
Initializing Evaluation
Accuracy over all data: 0.942
Initializing Trainig
Get Clients Pseudo Gradients
Get Clients Sample Numbers
Send Global Weights to 4 Clients
Initializing Evaluation
Accuracy over all data: 0.945
Initializing Trainig
Get Clients Pseudo Gradients
Get Clients Sample Numbers
Send Global Weights to 4 Clients
Initializing Evaluation
Accuracy over all data: 0.949
Initializing Trainig
Get Clients Pseudo Gradients
Get Clients Sample Numbers
Send Global Weights to 4 Clients
Initializing Evaluation
Accuracy over all data: 0.956
Initializing Trainig
Get Clients Pseudo Gradients
Get Clients Sample Numbers
Send Global Weights to 4 Clients
Initializing Evaluation
Accuracy over all data: 0.957
Initializing Trainig
Get Clients Pseudo Gradients
Get Clients Sample Numbers
Send Global Weights to 4 Clients
Initializing Evaluation
Accuracy over all data: 0.957
Initializing Trainig
Get Clients Pseudo Gradients
Get Clients Sample Numbers
Send Global Weights to 4 Clients
Initializing Evaluation
Accuracy over all data: 0.954
Initializing Trainig
Get Clients Pseudo Gradients
Get Clients Sample Numbers
Send Global Weights to 4 Clients
Initializing Evaluation
Accuracy over all data: 0.949
Initializing Trainig
Get Clients Pseudo Gradients
Get Clients Sample Numbers
Send Global Weights to 4 Clients
Initializing Evaluation
Accuracy over all data: 0.949
Initializing Trainig
Get Clients Pseudo Gradients
Get Clients Sample Numbers
Send Global Weights to 4 Clients
Initializing Evaluation
Accuracy over all data: 0.949
Initializing Trainig
Get Clients Pseudo Gradients
Get Clients Sample Numbers
Send Global Weights to 4 Clients
Initializing Evaluation
Accuracy over all data: 0.952
Initializing Trainig
Get Clients Pseudo Gradients
Get Clients Sample Numbers
Send Global Weights to 4 Clients
Initializing Evaluation
Accuracy over all data: 0.954
Initializing Trainig
Get Clients Pseudo Gradients
Get Clients Sample Numbers
Send Global Weights to 4 Clients
Initializing Evaluation
Accuracy over all data: 0.956
Initializing Trainig
Get Clients Pseudo Gradients
Get Clients Sample Numbers
Send Global Weights to 4 Clients
Initializing Evaluation
Accuracy over all data: 0.956
Initializing Trainig
Get Clients Pseudo Gradients
Get Clients Sample Numbers
Send Global Weights to 4 Clients
Initializing Evaluation
Accuracy over all data: 0.954
Initializing Trainig
Get Clients Pseudo Gradients
Get Clients Sample Numbers
Send Global Weights to 4 Clients
Initializing Evaluation
Accuracy over all data: 0.954
Initializing Trainig
Get Clients Pseudo Gradients
Get Clients Sample Numbers
Send Global Weights to 4 Clients
Initializing Evaluation
Accuracy over all data: 0.954
Initializing Trainig
Get Clients Pseudo Gradients
Get Clients Sample Numbers
Send Global Weights to 4 Clients
Initializing Evaluation
Accuracy over all data: 0.955
Initializing Trainig
Get Clients Pseudo Gradients
Get Clients Sample Numbers
Send Global Weights to 4 Clients
Initializing Evaluation
Accuracy over all data: 0.954
Initializing Trainig
Get Clients Pseudo Gradients
Get Clients Sample Numbers
Send Global Weights to 4 Clients
Initializing Evaluation
Accuracy over all data: 0.955
Initializing Trainig
Get Clients Pseudo Gradients
Get Clients Sample Numbers
Send Global Weights to 4 Clients
Initializing Evaluation
Accuracy over all data: 0.952
Initializing Trainig
Get Clients Pseudo Gradients
Get Clients Sample Numbers
Send Global Weights to 4 Clients
Initializing Evaluation
Accuracy over all data: 0.949
Initializing Trainig
Get Clients Pseudo Gradients
Get Clients Sample Numbers
Send Global Weights to 4 Clients
Initializing Evaluation
Accuracy over all data: 0.952
Initializing Trainig
Get Clients Pseudo Gradients
Get Clients Sample Numbers
Send Global Weights to 4 Clients
Initializing Evaluation
Accuracy over all data: 0.953
Initializing Trainig
Get Clients Pseudo Gradients
Get Clients Sample Numbers
Send Global Weights to 4 Clients
Initializing Evaluation
Accuracy over all data: 0.956
Initializing Trainig
Get Clients Pseudo Gradients
Get Clients Sample Numbers
Send Global Weights to 4 Clients
Initializing Evaluation
Accuracy over all data: 0.957
Initializing Trainig
Get Clients Pseudo Gradients
Get Clients Sample Numbers
Send Global Weights to 4 Clients
Initializing Evaluation
Accuracy over all data: 0.955
Initializing Trainig
Get Clients Pseudo Gradients
Get Clients Sample Numbers
Send Global Weights to 4 Clients
Initializing Evaluation
Accuracy over all data: 0.955
Initializing Trainig
Get Clients Pseudo Gradients
Get Clients Sample Numbers
Send Global Weights to 4 Clients
Initializing Evaluation
Accuracy over all data: 0.954
Initializing Trainig
Get Clients Pseudo Gradients
Get Clients Sample Numbers
Send Global Weights to 4 Clients
Initializing Evaluation
Accuracy over all data: 0.952
Initializing Trainig
Get Clients Pseudo Gradients
Get Clients Sample Numbers
Send Global Weights to 4 Clients
Initializing Evaluation
Accuracy over all data: 0.952
Initializing Trainig
Get Clients Pseudo Gradients
Get Clients Sample Numbers
Send Global Weights to 4 Clients
Initializing Evaluation
Accuracy over all data: 0.952
Initializing Trainig
Get Clients Pseudo Gradients
Get Clients Sample Numbers
Send Global Weights to 4 Clients
Initializing Evaluation
Accuracy over all data: 0.952
Initializing Trainig
Get Clients Pseudo Gradients
Get Clients Sample Numbers
Send Global Weights to 4 Clients
Initializing Evaluation
Accuracy over all data: 0.951
Initializing Trainig
Get Clients Pseudo Gradients
Get Clients Sample Numbers
Send Global Weights to 4 Clients
Initializing Evaluation
Accuracy over all data: 0.952
Initializing Trainig
Get Clients Pseudo Gradients
Get Clients Sample Numbers
Send Global Weights to 4 Clients
Initializing Evaluation
Accuracy over all data: 0.952
Initializing Trainig
Get Clients Pseudo Gradients
Get Clients Sample Numbers
Send Global Weights to 4 Clients
Initializing Evaluation
Accuracy over all data: 0.954
Initializing Trainig
Get Clients Pseudo Gradients
Get Clients Sample Numbers
Send Global Weights to 4 Clients
Initializing Evaluation
Accuracy over all data: 0.956
Initializing Trainig
Get Clients Pseudo Gradients
Get Clients Sample Numbers
Send Global Weights to 4 Clients
Initializing Evaluation
Accuracy over all data: 0.957
Initializing Trainig
Get Clients Pseudo Gradients
Get Clients Sample Numbers
Send Global Weights to 4 Clients
Initializing Evaluation
Accuracy over all data: 0.958
Initializing Trainig
Get Clients Pseudo Gradients
Get Clients Sample Numbers
Send Global Weights to 4 Clients
Initializing Evaluation
Accuracy over all data: 0.959
Initializing Trainig
Get Clients Pseudo Gradients
Get Clients Sample Numbers
Send Global Weights to 4 Clients
Initializing Evaluation
Accuracy over all data: 0.959
Initializing Trainig
Get Clients Pseudo Gradients
Get Clients Sample Numbers
Send Global Weights to 4 Clients
Initializing Evaluation
Accuracy over all data: 0.957
Initializing Trainig
Get Clients Pseudo Gradients
Get Clients Sample Numbers
Send Global Weights to 4 Clients
Initializing Evaluation
Accuracy over all data: 0.956
Initializing Trainig
Get Clients Pseudo Gradients
Get Clients Sample Numbers
Send Global Weights to 4 Clients
Initializing Evaluation
Accuracy over all data: 0.957
Initializing Trainig
Get Clients Pseudo Gradients
Get Clients Sample Numbers
Send Global Weights to 4 Clients
Initializing Evaluation
Accuracy over all data: 0.956
Initializing Trainig
Get Clients Pseudo Gradients
Get Clients Sample Numbers
Send Global Weights to 4 Clients
Initializing Evaluation
Accuracy over all data: 0.956
Initializing Trainig
Get Clients Pseudo Gradients
Get Clients Sample Numbers
Send Global Weights to 4 Clients
Initializing Evaluation
Accuracy over all data: 0.954
Initializing Trainig
Get Clients Pseudo Gradients
Get Clients Sample Numbers
Send Global Weights to 4 Clients
Initializing Evaluation
Accuracy over all data: 0.954
Initializing Trainig
Get Clients Pseudo Gradients
Get Clients Sample Numbers
Send Global Weights to 4 Clients
Initializing Evaluation
Accuracy over all data: 0.957
Initializing Trainig
Get Clients Pseudo Gradients
Get Clients Sample Numbers
Send Global Weights to 4 Clients
Initializing Evaluation
Accuracy over all data: 0.956
Initializing Trainig
Get Clients Pseudo Gradients
Get Clients Sample Numbers
Send Global Weights to 4 Clients
Initializing Evaluation
Accuracy over all data: 0.954
Initializing Trainig
Get Clients Pseudo Gradients
Get Clients Sample Numbers
Send Global Weights to 4 Clients
Initializing Evaluation
Accuracy over all data: 0.949
Initializing Trainig
Get Clients Pseudo Gradients
Get Clients Sample Numbers
Send Global Weights to 4 Clients
Initializing Evaluation
Accuracy over all data: 0.948
Initializing Trainig
Get Clients Pseudo Gradients
Get Clients Sample Numbers
Send Global Weights to 4 Clients
Initializing Evaluation
Accuracy over all data: 0.945
Initializing Trainig
Get Clients Pseudo Gradients
Get Clients Sample Numbers
Send Global Weights to 4 Clients
Initializing Evaluation
Accuracy over all data: 0.948
Initializing Trainig
Get Clients Pseudo Gradients
Get Clients Sample Numbers
Send Global Weights to 4 Clients
Initializing Evaluation
Accuracy over all data: 0.950
Initializing Trainig
Get Clients Pseudo Gradients
Get Clients Sample Numbers
Send Global Weights to 4 Clients
Initializing Evaluation
Accuracy over all data: 0.952
Initializing Trainig
Get Clients Pseudo Gradients
Get Clients Sample Numbers
Send Global Weights to 4 Clients
Initializing Evaluation
Accuracy over all data: 0.953
Initializing Trainig
Get Clients Pseudo Gradients
Get Clients Sample Numbers
Send Global Weights to 4 Clients
Initializing Evaluation
Accuracy over all data: 0.951
Initializing Trainig
Get Clients Pseudo Gradients
Get Clients Sample Numbers
Send Global Weights to 4 Clients
Initializing Evaluation
Accuracy over all data: 0.949
Initializing Trainig
Get Clients Pseudo Gradients
Get Clients Sample Numbers
Send Global Weights to 4 Clients
Initializing Evaluation
Accuracy over all data: 0.951
Initializing Trainig
Get Clients Pseudo Gradients
Get Clients Sample Numbers
Send Global Weights to 4 Clients
Initializing Evaluation
Accuracy over all data: 0.953
Initializing Trainig
Get Clients Pseudo Gradients
Get Clients Sample Numbers
Send Global Weights to 4 Clients
Initializing Evaluation
Accuracy over all data: 0.955
Initializing Trainig
Get Clients Pseudo Gradients
Get Clients Sample Numbers
Send Global Weights to 4 Clients
Initializing Evaluation
Accuracy over all data: 0.955
Initializing Trainig
Get Clients Pseudo Gradients
Get Clients Sample Numbers
Send Global Weights to 4 Clients
Initializing Evaluation
Accuracy over all data: 0.954
Initializing Trainig
Get Clients Pseudo Gradients
Get Clients Sample Numbers
Send Global Weights to 4 Clients
Initializing Evaluation
Accuracy over all data: 0.952
Initializing Trainig
Get Clients Pseudo Gradients
Get Clients Sample Numbers
Send Global Weights to 4 Clients
Initializing Evaluation
Accuracy over all data: 0.954
Initializing Trainig
Get Clients Pseudo Gradients
Get Clients Sample Numbers
Send Global Weights to 4 Clients
Initializing Evaluation
Accuracy over all data: 0.957
Initializing Trainig
Get Clients Pseudo Gradients
Get Clients Sample Numbers
Send Global Weights to 4 Clients
Initializing Evaluation
Accuracy over all data: 0.956
Initializing Trainig
Get Clients Pseudo Gradients
Get Clients Sample Numbers
Send Global Weights to 4 Clients
Initializing Evaluation
Accuracy over all data: 0.956
Initializing Trainig
Get Clients Pseudo Gradients
Get Clients Sample Numbers
Send Global Weights to 4 Clients
Initializing Evaluation
Accuracy over all data: 0.957
Initializing Trainig
Get Clients Pseudo Gradients
Get Clients Sample Numbers
Send Global Weights to 4 Clients
Initializing Evaluation
Accuracy over all data: 0.956
Initializing Trainig
Get Clients Pseudo Gradients
Get Clients Sample Numbers
Send Global Weights to 4 Clients
Initializing Evaluation
Accuracy over all data: 0.957
Initializing Trainig
Get Clients Pseudo Gradients
Get Clients Sample Numbers
Send Global Weights to 4 Clients
Initializing Evaluation
Accuracy over all data: 0.959
Initializing Trainig
Get Clients Pseudo Gradients
Get Clients Sample Numbers
Send Global Weights to 4 Clients
Initializing Evaluation
Accuracy over all data: 0.959
Initializing Trainig
Get Clients Pseudo Gradients
Get Clients Sample Numbers
Send Global Weights to 4 Clients
Initializing Evaluation
Accuracy over all data: 0.959
Initializing Trainig
